<?xml version="1.0" encoding="UTF-8"?>
<testsuite xmlns:xsi="http://www.w3.org/2001/XMLSchema-instance" xsi:schemaLocation="https://maven.apache.org/surefire/maven-surefire-plugin/xsd/surefire-test-report.xsd" name="com.makotojava.learn.odot.dao.ItemDaoTest$ItemDaoPessimisticScenariosTest" time="2.341" tests="3" errors="0" skipped="0" failures="0">
  <properties>
    <property name="java.vendor" value="AdoptOpenJDK"/>
    <property name="sun.java.launcher" value="SUN_STANDARD"/>
    <property name="os.name" value="Windows 10"/>
    <property name="sun.desktop" value="windows"/>
    <property name="java.vm.specification.vendor" value="Oracle Corporation"/>
    <property name="java.runtime.version" value="11.0.11+9"/>
    <property name="user.name" value="o"/>
    <property name="java.compiler" value="j9jit29"/>
    <property name="os.encoding" value="UTF8"/>
    <property name="guice.disable.misplaced.annotation.check" value="true"/>
    <property name="com.ibm.util.extralibs.properties" value=""/>
    <property name="com.ibm.jcl.checkClassPath" value=""/>
    <property name="user.language" value="es"/>
    <property name="com.ibm.oti.vm.bootstrap.library.path" value="C:\Program Files\AdoptOpenJDK\jdk-11.0.11.9-openj9\bin\default;C:\Program Files\AdoptOpenJDK\jdk-11.0.11.9-openj9\bin"/>
    <property name="sun.boot.library.path" value="C:\Program Files\AdoptOpenJDK\jdk-11.0.11.9-openj9\bin\default;C:\Program Files\AdoptOpenJDK\jdk-11.0.11.9-openj9\bin"/>
    <property name="classworlds.conf" value="C:\Users\o\Desktop\UNSA JHENMA\2do AÑO\2do año 1er Semestre\Desarrollo Basado en Plataformas\java\.metadata\.plugins\org.eclipse.m2e.launching\launches\m2conf6855208927915123867.tmp"/>
    <property name="jdk.extensions.version" value="11.0.11.0"/>
    <property name="java.version" value="11.0.11"/>
    <property name="user.timezone" value="America/Bogota"/>
    <property name="com.ibm.system.agent.path" value="C:\Program Files\AdoptOpenJDK\jdk-11.0.11.9-openj9\bin"/>
    <property name="sun.arch.data.model" value="64"/>
    <property name="com.ibm.oti.vm.library.version" value="29"/>
    <property name="sun.jnu.encoding" value="Cp1252"/>
    <property name="file.encoding.pkg" value="sun.io"/>
    <property name="file.separator" value="\"/>
    <property name="java.specification.name" value="Java Platform API Specification"/>
    <property name="java.class.version" value="55.0"/>
    <property name="user.country" value="PE"/>
    <property name="java.home" value="C:\Program Files\AdoptOpenJDK\jdk-11.0.11.9-openj9"/>
    <property name="java.vm.info" value="JRE 11 Windows 10 amd64-64-Bit Compressed References 20210421_976 (JIT enabled, AOT enabled)&#10;OpenJ9   - b4cc246d9&#10;OMR      - 162e6f729&#10;JCL      - 7796c80419 based on jdk-11.0.11+9"/>
    <property name="os.version" value="10.0"/>
    <property name="java.awt.fonts" value=""/>
    <property name="path.separator" value=";"/>
    <property name="java.vm.version" value="openj9-0.26.0"/>
    <property name="user.variant" value=""/>
    <property name="java.awt.printerjob" value="sun.awt.windows.WPrinterJob"/>
    <property name="jdk.extensions.name" value="Extensions for OpenJDK for Eclipse OpenJ9"/>
    <property name="sun.io.unicode.encoding" value="UnicodeLittle"/>
    <property name="awt.toolkit" value="sun.awt.windows.WToolkit"/>
    <property name="ibm.signalhandling.sigint" value="true"/>
    <property name="user.home" value="C:\Users\o"/>
    <property name="com.ibm.cpu.endian" value="little"/>
    <property name="java.version.date" value="2021-04-20"/>
    <property name="java.specification.vendor" value="Oracle Corporation"/>
    <property name="ibm.signalhandling.sigchain" value="true"/>
    <property name="java.library.path" value="C:\Program Files\AdoptOpenJDK\jdk-11.0.11.9-openj9\bin\default;C:\Program Files\AdoptOpenJDK\jdk-11.0.11.9-openj9\bin;C:\WINDOWS\system32;C:\WINDOWS;C:/Users/o/.p2/pool/plugins/org.eclipse.justj.openjdk.hotspot.jre.full.win32.x86_64_15.0.2.v20210201-0955/jre/bin/server;C:/Users/o/.p2/pool/plugins/org.eclipse.justj.openjdk.hotspot.jre.full.win32.x86_64_15.0.2.v20210201-0955/jre/bin;C:\Program Files\AdoptOpenJDK\jdk-11.0.11.9-openj9\bin;C:\Program Files (x86)\Common Files\Oracle\Java\javapath;C:\Program Files (x86)\NVIDIA Corporation\PhysX\Common;C:\WINDOWS\system32;C:\WINDOWS;C:\WINDOWS\System32\Wbem;C:\WINDOWS\System32\WindowsPowerShell\v1.0\;C:\WINDOWS\System32\OpenSSH\;C:\Program Files (x86)\ATI Technologies\ATI.ACE\Core-Static;C:\Program Files (x86)\AMD\ATI.ACE\Core-Static;C:\ProgramData\chocolatey\bin;C:\Program Files\swipl\bin;C:\Program Files\Git\cmd;H:\Dj JhenMA\apache-tomcat-9.0.0.M10\bin;C:\Program Files\AdoptOpenJDK\jdk-11.0.11.9-openj9\bin;H:\Dj JhenMA\apache-ant-1.10.10\bin;C:\Program Files\CodeBlocks\MinGW\bin;C:\MinGW\bin;C:\Program Files\Microsoft SQL Server\130\Tools\Binn\;C:\opencv\opencv\build\x64\vc15\bin;C:\Users\o\anaconda3;C:\Users\o\anaconda3\Library\mingw-w64\bin;C:\Users\o\anaconda3\Library\usr\bin;C:\Users\o\anaconda3\Library\bin;C:\Users\o\anaconda3\Scripts;C:\Users\o\AppData\Local\Programs\Python\Python38\Scripts\;C:\Users\o\AppData\Local\Programs\Python\Python38\;C:\Program Files\MySQL\MySQL Shell 8.0\bin\;C:\Users\o\AppData\Local\Microsoft\WindowsApps;C:\Users\o\AppData\Local\atom\bin;C:\Users\o\AppData\Roaming\cabal\bin;C:\tools\msys64;C:\ProgramData\chocolatey\lib\ghc\tools\ghc-8.10.2\bin;C:\MinGW\bin;C:\Users\o\AppData\Local\Microsoft\WindowsApps;C:\Users\o\AppData\Local\Programs\Microsoft VS Code\bin;C:\Users\o\AppData\Local\GitHubDesktop\bin;C:\WINDOWS\System32;;."/>
    <property name="java.vendor.url" value="https://adoptopenjdk.net/"/>
    <property name="java.vm.vendor" value="Eclipse OpenJ9"/>
    <property name="java.fullversion" value="11.0.11+9&#10;JRE 11 Windows 10 amd64-64-Bit Compressed References 20210421_976 (JIT enabled, AOT enabled)&#10;OpenJ9   - b4cc246d9&#10;OMR      - 162e6f729&#10;JCL      - 7796c80419 based on jdk-11.0.11+9"/>
    <property name="maven.home" value="C:\Users\o\odotCore\EMBEDDED"/>
    <property name="java.runtime.name" value="OpenJDK Runtime Environment"/>
    <property name="sun.java.command" value="org.codehaus.plexus.classworlds.launcher.Launcher -B clean install"/>
    <property name="java.class.path" value="C:\Users\o\.p2\pool\plugins\org.eclipse.m2e.maven.runtime_1.16.0.20210129-0849\jars\plexus-classworlds-2.6.0.jar"/>
    <property name="java.vm.specification.name" value="Java Virtual Machine Specification"/>
    <property name="java.vm.specification.version" value="11"/>
    <property name="sun.cpu.endian" value="little"/>
    <property name="java.io.tmpdir" value="C:\Users\o\AppData\Local\Temp\"/>
    <property name="java.vendor.url.bug" value="https://github.com/AdoptOpenJDK/openjdk-support/issues"/>
    <property name="maven.multiModuleProjectDirectory" value="C:\Users\o\odotCore"/>
    <property name="ibm.system.encoding" value="Cp1252"/>
    <property name="os.arch" value="amd64"/>
    <property name="java.awt.graphicsenv" value="sun.awt.Win32GraphicsEnvironment"/>
    <property name="ibm.signalhandling.rs" value="false"/>
    <property name="user.dir" value="C:\Users\o\odotCore"/>
    <property name="line.separator" value="&#10;"/>
    <property name="java.vm.name" value="Eclipse OpenJ9 VM"/>
    <property name="com.ibm.oti.shared.enabled" value="false"/>
    <property name="com.ibm.vm.bitmode" value="64"/>
    <property name="file.encoding" value="Cp1252"/>
    <property name="java.specification.version" value="11"/>
    <property name="com.ibm.oti.configuration" value="scar"/>
    <property name="java.vendor.version" value="AdoptOpenJDK-11.0.11+9"/>
  </properties>
  <testcase name="testAdd" classname="com.makotojava.learn.odot.dao.ItemDaoTest$ItemDaoPessimisticScenariosTest" time="0.557"/>
  <testcase name="testUpdate" classname="com.makotojava.learn.odot.dao.ItemDaoTest$ItemDaoPessimisticScenariosTest" time="0.519"/>
  <testcase name="testDelete" classname="com.makotojava.learn.odot.dao.ItemDaoTest$ItemDaoPessimisticScenariosTest" time="0.522"/>
</testsuite>